<div class="story">
<h1>User Authentication</h1>
<div class="path">stories/authentication/user_authentication.story</div>
<div class="meta">
<div class="keyword">Meta:</div>
<div class="property">@issue FH-7</div>
<div class="property">@tag component:ui</div>
</div>
<div class="scenario">
<h2>Scenario: Successful authentication</h2>
<div class="step successful">Given <span class="step parameter">Jane</span> is a registered Frequent Flyer</div>
<div class="step failed">When <span class="step parameter">Jane</span> authenticates with a valid email address and password <span class="keyword failed">(FAILED)</span><br/><span class="message failed">net.thucydides.core.webdriver.UnsupportedDriverException: Could not instantiate class org.openqa.selenium.firefox.FirefoxDriver</span></div>
<div class="step notPerformed">Then <span class="step parameter">Jane</span> should be given access to her account <span class="keyword notPerformed">(NOT PERFORMED)</span></div>
<pre class="failure">net.thucydides.core.webdriver.UnsupportedDriverException: Could not instantiate class org.openqa.selenium.firefox.FirefoxDriver
	at net.thucydides.core.webdriver.WebDriverFacade.newDriverInstance(WebDriverFacade.java:91)
	at net.thucydides.core.webdriver.WebDriverFacade.newProxyDriver(WebDriverFacade.java:82)
	at net.thucydides.core.webdriver.WebDriverFacade.getProxiedDriver(WebDriverFacade.java:54)
	at net.thucydides.core.webdriver.WebDriverFacade.openIgnoringHtmlUnitScriptErrors(WebDriverFacade.java:123)
	at net.thucydides.core.webdriver.WebDriverFacade.get(WebDriverFacade.java:118)
	at net.thucydides.core.pages.PageObject.openPageAtUrl(PageObject.java:732)
	at net.thucydides.core.pages.PageObject.open(PageObject.java:642)
	at net.thucydides.core.pages.PageObject.open(PageObject.java:630)
	at com.bddinaction.flyinghigh.jbehave.flowsteps.AuthenticationFlowSteps.enterEmailAndPasswordFor(AuthenticationFlowSteps.java:17)
	at com.bddinaction.flyinghigh.jbehave.flowsteps.AuthenticationFlowSteps$$EnhancerByCGLIB$$9ae594cd.CGLIB$enterEmailAndPasswordFor$1(&lt;generated&gt;)
	at com.bddinaction.flyinghigh.jbehave.flowsteps.AuthenticationFlowSteps$$EnhancerByCGLIB$$9ae594cd$$FastClassByCGLIB$$e74f7a86.invoke(&lt;generated&gt;)
	at net.sf.cglib.proxy.MethodProxy.invokeSuper(MethodProxy.java:228)
	at net.thucydides.core.steps.StepInterceptor.executeTestStepMethod(StepInterceptor.java:285)
	at net.thucydides.core.steps.StepInterceptor.runTestStep(StepInterceptor.java:261)
	at net.thucydides.core.steps.StepInterceptor.testStepResult(StepInterceptor.java:125)
	at net.thucydides.core.steps.StepInterceptor.intercept(StepInterceptor.java:51)
	at com.bddinaction.flyinghigh.jbehave.flowsteps.AuthenticationFlowSteps$$EnhancerByCGLIB$$9ae594cd.enterEmailAndPasswordFor(&lt;generated&gt;)
	at com.bddinaction.flyinghigh.jbehave.steps.UserAuthenticationSteps.whenJaneAuthenticatesWithAValidEmailAddressAndPassword(UserAuthenticationSteps.java:21)
	(reflection-invoke)
	at org.jbehave.core.steps.StepCreator$ParameterisedStep.perform(StepCreator.java:569)
	at org.jbehave.core.embedder.StoryRunner$FineSoFar.run(StoryRunner.java:535)
...</pre>
</div>
</div>
